[ T-Cross ]
    title = Gas bremstrahlung from straight section
     mesh =  reg            # mesh type is region-wise
      reg =    1            # number of crossing regions
      non     r-from    r-to       area
      1       500       501        31.17000    
   e-type =    3            # e-mesh is log given by emin, emax and ne
     emin =  1.0000000E-02  # minimum value of e-mesh points
     emax =   3000.000      # maximum value of e-mesh points
#    edel =  6.3057689E-02  # mesh width of e-mesh points
       ne =    200          # number of e-mesh points
#    data = ( e(i), i = 1, ne + 1 )
#           1.00000E-02  1.06509E-02  1.13441E-02  1.20825E-02  1.28689E-02
#           1.37065E-02  1.45987E-02  1.55489E-02  1.65609E-02  1.76389E-02
#           1.87869E-02  2.00098E-02  2.13122E-02  2.26993E-02  2.41768E-02
#           2.57504E-02  2.74265E-02  2.92116E-02  3.11129E-02  3.31380E-02
#           3.52949E-02  3.75922E-02  4.00390E-02  4.26451E-02  4.54208E-02
#           4.83771E-02  5.15259E-02  5.48797E-02  5.84517E-02  6.22562E-02
#           6.63083E-02  7.06242E-02  7.52211E-02  8.01171E-02  8.53317E-02
#           9.08858E-02  9.68014E-02  1.03102E-01  1.09813E-01  1.16960E-01
#           1.24573E-01  1.32681E-01  1.41317E-01  1.50515E-01  1.60312E-01
#           1.70747E-01  1.81860E-01  1.93697E-01  2.06305E-01  2.19733E-01
#           2.34035E-01  2.49268E-01  2.65492E-01  2.82772E-01  3.01178E-01
#           3.20781E-01  3.41660E-01  3.63898E-01  3.87583E-01  4.12811E-01
#           4.39680E-01  4.68298E-01  4.98778E-01  5.31243E-01  5.65821E-01
#           6.02649E-01  6.41874E-01  6.83653E-01  7.28151E-01  7.75545E-01
#           8.26024E-01  8.79788E-01  9.37052E-01  9.98043E-01  1.06300E+00
#           1.13219E+00  1.20589E+00  1.28437E+00  1.36797E+00  1.45701E+00
#           1.55185E+00  1.65285E+00  1.76043E+00  1.87502E+00  1.99706E+00
#           2.12704E+00  2.26549E+00  2.41295E+00  2.57000E+00  2.73728E+00
#           2.91544E+00  3.10520E+00  3.30732E+00  3.52258E+00  3.75186E+00
#           3.99607E+00  4.25616E+00  4.53319E+00  4.82825E+00  5.14251E+00
#           5.47723E+00  5.83373E+00  6.21344E+00  6.61786E+00  7.04860E+00
#           7.50738E+00  7.99603E+00  8.51647E+00  9.07080E+00  9.66120E+00
#           1.02900E+01  1.09598E+01  1.16731E+01  1.24329E+01  1.32422E+01
#           1.41041E+01  1.50221E+01  1.59999E+01  1.70413E+01  1.81504E+01
#           1.93318E+01  2.05901E+01  2.19303E+01  2.33577E+01  2.48780E+01
#           2.64972E+01  2.82219E+01  3.00588E+01  3.20153E+01  3.40991E+01
#           3.63186E+01  3.86825E+01  4.12003E+01  4.38819E+01  4.67381E+01
#           4.97802E+01  5.30203E+01  5.64713E+01  6.01470E+01  6.40618E+01
#           6.82315E+01  7.26726E+01  7.74027E+01  8.24407E+01  8.78066E+01
#           9.35218E+01  9.96090E+01  1.06092E+02  1.12998E+02  1.20353E+02
#           1.28186E+02  1.36530E+02  1.45416E+02  1.54881E+02  1.64962E+02
#           1.75699E+02  1.87135E+02  1.99315E+02  2.12288E+02  2.26106E+02
#           2.40822E+02  2.56497E+02  2.73192E+02  2.90974E+02  3.09913E+02
#           3.30084E+02  3.51569E+02  3.74452E+02  3.98825E+02  4.24783E+02
#           4.52432E+02  4.81880E+02  5.13244E+02  5.46651E+02  5.82231E+02
#           6.20128E+02  6.60491E+02  7.03481E+02  7.49269E+02  7.98038E+02
#           8.49981E+02  9.05305E+02  9.64229E+02  1.02699E+03  1.09383E+03
#           1.16503E+03  1.24086E+03  1.32163E+03  1.40765E+03  1.49927E+03
#           1.59685E+03  1.70079E+03  1.81149E+03  1.92940E+03  2.05498E+03
#           2.18874E+03  2.33120E+03  2.48293E+03  2.64454E+03  2.81667E+03
#           3.00000E+03
  eng2let =    0            # (D=0) Flag to convert energy to LET, 0: not convert, 1: convert
     unit =    1            # unit is [1/cm^2/source]
     axis =  eng            # axis of output
     file = cross_GB.out    # file name of dumped data summary
#    file = cross_GB_dmp.out  # file name of dumped data
   output = current         # surface crossing current spectrum
     part =  photon   
# kf/name :  22       
   epsout =    1            # (D=0) generate eps file by ANGEL
     dump =  -12            # (D=0) number of dumped data, <0: ascii, >0: binary
                1   2   3   4   5   6   7   8   9  10  18  19
# dump data    kf   x   y   z   u   v   w   e  wt  tm  nc  nb
#    used :        main (  %)        temp (  %)       total (  %)
#  memory :         209 (  0)           0 (  0)         209 (  0)

#------------------------------------------------------------------------------
#newpage:
#   no. =    1   reg = 500 - 501

x: Energy [MeV/n]
y: Current [1/cm^2/source]                 
p: xlog ylog afac(0.8) form(0.9)
h: n            x            y(photon  ),hh0l n 
#  e-lower      e-upper        photon    r.err 
   1.0000E-02   1.0651E-02   6.0058E+02  0.1826
   1.0651E-02   1.1344E-02   3.2031E+02  0.2500
   1.1344E-02   1.2083E-02   5.6054E+02  0.1890
   1.2083E-02   1.2869E-02   6.6064E+02  0.1741
   1.2869E-02   1.3707E-02   5.4052E+02  0.1925
   1.3707E-02   1.4599E-02   4.2040E+02  0.2182
   1.4599E-02   1.5549E-02   5.4052E+02  0.1925
   1.5549E-02   1.6561E-02   5.6054E+02  0.1890
   1.6561E-02   1.7639E-02   6.0058E+02  0.1826
   1.7639E-02   1.8787E-02   6.4062E+02  0.1768
   1.8787E-02   2.0010E-02   7.4071E+02  0.1644
   2.0010E-02   2.1312E-02   5.2050E+02  0.1961
   2.1312E-02   2.2699E-02   8.0077E+02  0.1581
   2.2699E-02   2.4177E-02   6.8065E+02  0.1715
   2.4177E-02   2.5750E-02   7.0067E+02  0.1690
   2.5750E-02   2.7426E-02   7.4071E+02  0.1644
   2.7426E-02   2.9212E-02   6.2060E+02  0.1796
   2.9212E-02   3.1113E-02   8.0077E+02  0.1581
   3.1113E-02   3.3138E-02   6.6064E+02  0.1741
   3.3138E-02   3.5295E-02   5.6054E+02  0.1890
   3.5295E-02   3.7592E-02   7.4071E+02  0.1644
   3.7592E-02   4.0039E-02   4.6044E+02  0.2085
   4.0039E-02   4.2645E-02   5.8056E+02  0.1857
   4.2645E-02   4.5421E-02   4.4042E+02  0.2132
   4.5421E-02   4.8377E-02   5.6054E+02  0.1890
   4.8377E-02   5.1526E-02   5.8056E+02  0.1857
   5.1526E-02   5.4880E-02   6.2060E+02  0.1796
   5.4880E-02   5.8452E-02   7.4071E+02  0.1644
   5.8452E-02   6.2256E-02   8.4081E+02  0.1543
   6.2256E-02   6.6308E-02   6.0058E+02  0.1826
   6.6308E-02   7.0624E-02   6.4062E+02  0.1768
   7.0624E-02   7.5221E-02   5.4052E+02  0.1925
   7.5221E-02   8.0117E-02   5.8056E+02  0.1857
   8.0117E-02   8.5332E-02   4.6044E+02  0.2085
   8.5332E-02   9.0886E-02   7.0067E+02  0.1690
   9.0886E-02   9.6801E-02   5.0048E+02  0.2000
   9.6801E-02   1.0310E-01   4.8046E+02  0.2041
   1.0310E-01   1.0981E-01   5.2050E+02  0.1961
   1.0981E-01   1.1696E-01   6.2060E+02  0.1796
   1.1696E-01   1.2457E-01   8.4081E+02  0.1543
   1.2457E-01   1.3268E-01   7.2069E+02  0.1667
   1.3268E-01   1.4132E-01   6.0058E+02  0.1826
   1.4132E-01   1.5052E-01   6.4062E+02  0.1768
   1.5052E-01   1.6031E-01   7.4071E+02  0.1644
   1.6031E-01   1.7075E-01   6.6064E+02  0.1741
   1.7075E-01   1.8186E-01   4.2040E+02  0.2182
   1.8186E-01   1.9370E-01   5.6054E+02  0.1890
   1.9370E-01   2.0630E-01   5.2050E+02  0.1961
   2.0630E-01   2.1973E-01   5.6054E+02  0.1890
   2.1973E-01   2.3403E-01   5.2050E+02  0.1961
   2.3403E-01   2.4927E-01   5.0048E+02  0.2000
   2.4927E-01   2.6549E-01   6.4062E+02  0.1768
   2.6549E-01   2.8277E-01   5.6054E+02  0.1890
   2.8277E-01   3.0118E-01   4.8046E+02  0.2041
   3.0118E-01   3.2078E-01   8.6083E+02  0.1525
   3.2078E-01   3.4166E-01   6.0058E+02  0.1826
   3.4166E-01   3.6390E-01   7.2069E+02  0.1667
   3.6390E-01   3.8758E-01   8.2079E+02  0.1562
   3.8758E-01   4.1281E-01   7.0067E+02  0.1690
   4.1281E-01   4.3968E-01   5.6054E+02  0.1890
   4.3968E-01   4.6830E-01   5.6054E+02  0.1890
   4.6830E-01   4.9878E-01   5.8056E+02  0.1857
   4.9878E-01   5.3124E-01   7.2069E+02  0.1667
   5.3124E-01   5.6582E-01   5.2050E+02  0.1961
   5.6582E-01   6.0265E-01   4.4042E+02  0.2132
   6.0265E-01   6.4187E-01   6.0058E+02  0.1826
   6.4187E-01   6.8365E-01   7.2069E+02  0.1667
   6.8365E-01   7.2815E-01   5.2050E+02  0.1961
   7.2815E-01   7.7554E-01   5.8056E+02  0.1857
   7.7554E-01   8.2602E-01   6.6064E+02  0.1741
   8.2602E-01   8.7979E-01   7.8075E+02  0.1601
   8.7979E-01   9.3705E-01   7.8075E+02  0.1601
   9.3705E-01   9.9804E-01   6.6064E+02  0.1741
   9.9804E-01   1.0630E+00   5.4052E+02  0.1925
   1.0630E+00   1.1322E+00   6.4062E+02  0.1768
   1.1322E+00   1.2059E+00   6.4062E+02  0.1768
   1.2059E+00   1.2844E+00   6.6064E+02  0.1741
   1.2844E+00   1.3680E+00   4.6044E+02  0.2085
   1.3680E+00   1.4570E+00   7.0067E+02  0.1690
   1.4570E+00   1.5518E+00   4.2040E+02  0.2182
   1.5518E+00   1.6529E+00   8.0077E+02  0.1581
   1.6529E+00   1.7604E+00   3.8037E+02  0.2294
   1.7604E+00   1.8750E+00   5.8056E+02  0.1857
   1.8750E+00   1.9971E+00   7.0067E+02  0.1690
   1.9971E+00   2.1270E+00   4.2040E+02  0.2182
   2.1270E+00   2.2655E+00   5.4052E+02  0.1925
   2.2655E+00   2.4129E+00   4.4042E+02  0.2132
   2.4129E+00   2.5700E+00   6.8065E+02  0.1715
   2.5700E+00   2.7373E+00   5.0048E+02  0.2000
   2.7373E+00   2.9154E+00   6.8065E+02  0.1715
   2.9154E+00   3.1052E+00   6.2060E+02  0.1796
   3.1052E+00   3.3073E+00   6.4062E+02  0.1768
   3.3073E+00   3.5226E+00   4.2040E+02  0.2182
   3.5226E+00   3.7519E+00   6.2060E+02  0.1796
   3.7519E+00   3.9961E+00   5.6054E+02  0.1890
   3.9961E+00   4.2562E+00   5.8056E+02  0.1857
   4.2562E+00   4.5332E+00   3.4033E+02  0.2425
   4.5332E+00   4.8282E+00   3.6035E+02  0.2357
   4.8282E+00   5.1425E+00   7.8075E+02  0.1601
   5.1425E+00   5.4772E+00   4.8046E+02  0.2041
   5.4772E+00   5.8337E+00   7.2069E+02  0.1667
   5.8337E+00   6.2134E+00   6.0058E+02  0.1826
   6.2134E+00   6.6179E+00   7.0067E+02  0.1690
   6.6179E+00   7.0486E+00   6.2060E+02  0.1796
   7.0486E+00   7.5074E+00   7.2069E+02  0.1667
   7.5074E+00   7.9960E+00   4.8046E+02  0.2041
   7.9960E+00   8.5165E+00   4.6044E+02  0.2085
   8.5165E+00   9.0708E+00   3.6035E+02  0.2357
   9.0708E+00   9.6612E+00   6.0058E+02  0.1826
   9.6612E+00   1.0290E+01   7.0067E+02  0.1690
   1.0290E+01   1.0960E+01   6.2060E+02  0.1796
   1.0960E+01   1.1673E+01   5.8056E+02  0.1857
   1.1673E+01   1.2433E+01   5.6054E+02  0.1890
   1.2433E+01   1.3242E+01   6.2060E+02  0.1796
   1.3242E+01   1.4104E+01   5.6054E+02  0.1890
   1.4104E+01   1.5022E+01   5.8056E+02  0.1857
   1.5022E+01   1.6000E+01   8.4081E+02  0.1543
   1.6000E+01   1.7041E+01   5.6054E+02  0.1890
   1.7041E+01   1.8150E+01   6.0058E+02  0.1826
   1.8150E+01   1.9332E+01   5.8056E+02  0.1857
   1.9332E+01   2.0590E+01   9.6092E+02  0.1443
   2.0590E+01   2.1930E+01   6.8065E+02  0.1715
   2.1930E+01   2.3358E+01   5.8056E+02  0.1857
   2.3358E+01   2.4878E+01   5.8056E+02  0.1857
   2.4878E+01   2.6497E+01   5.0048E+02  0.2000
   2.6497E+01   2.8222E+01   6.2060E+02  0.1796
   2.8222E+01   3.0059E+01   6.8065E+02  0.1715
   3.0059E+01   3.2015E+01   4.6044E+02  0.2085
   3.2015E+01   3.4099E+01   8.0077E+02  0.1581
   3.4099E+01   3.6319E+01   6.2060E+02  0.1796
   3.6319E+01   3.8682E+01   7.6073E+02  0.1622
   3.8682E+01   4.1200E+01   6.2060E+02  0.1796
   4.1200E+01   4.3882E+01   5.8056E+02  0.1857
   4.3882E+01   4.6738E+01   5.0048E+02  0.2000
   4.6738E+01   4.9780E+01   5.8056E+02  0.1857
   4.9780E+01   5.3020E+01   4.4042E+02  0.2132
   5.3020E+01   5.6471E+01   7.8075E+02  0.1601
   5.6471E+01   6.0147E+01   4.8046E+02  0.2041
   6.0147E+01   6.4062E+01   7.0067E+02  0.1690
   6.4062E+01   6.8231E+01   6.8065E+02  0.1715
   6.8231E+01   7.2673E+01   5.6054E+02  0.1890
   7.2673E+01   7.7403E+01   6.0058E+02  0.1826
   7.7403E+01   8.2441E+01   6.4062E+02  0.1768
   8.2441E+01   8.7807E+01   6.6064E+02  0.1741
   8.7807E+01   9.3522E+01   4.8046E+02  0.2041
   9.3522E+01   9.9609E+01   5.6054E+02  0.1890
   9.9609E+01   1.0609E+02   5.4052E+02  0.1925
   1.0609E+02   1.1300E+02   5.2050E+02  0.1961
   1.1300E+02   1.2035E+02   6.0058E+02  0.1826
   1.2035E+02   1.2819E+02   3.6035E+02  0.2357
   1.2819E+02   1.3653E+02   4.8046E+02  0.2041
   1.3653E+02   1.4542E+02   5.8056E+02  0.1857
   1.4542E+02   1.5488E+02   8.6083E+02  0.1525
   1.5488E+02   1.6496E+02   5.2050E+02  0.1961
   1.6496E+02   1.7570E+02   5.6054E+02  0.1890
   1.7570E+02   1.8713E+02   4.2040E+02  0.2182
   1.8713E+02   1.9932E+02   5.6054E+02  0.1890
   1.9932E+02   2.1229E+02   4.4042E+02  0.2132
   2.1229E+02   2.2611E+02   4.8046E+02  0.2041
   2.2611E+02   2.4082E+02   5.6054E+02  0.1890
   2.4082E+02   2.5650E+02   5.4052E+02  0.1925
   2.5650E+02   2.7319E+02   4.6044E+02  0.2085
   2.7319E+02   2.9097E+02   6.4062E+02  0.1768
   2.9097E+02   3.0991E+02   4.6044E+02  0.2085
   3.0991E+02   3.3008E+02   3.8037E+02  0.2294
   3.3008E+02   3.5157E+02   4.0038E+02  0.2236
   3.5157E+02   3.7445E+02   3.6035E+02  0.2357
   3.7445E+02   3.9882E+02   4.4042E+02  0.2132
   3.9882E+02   4.2478E+02   5.2050E+02  0.1961
   4.2478E+02   4.5243E+02   5.0048E+02  0.2000
   4.5243E+02   4.8188E+02   4.6044E+02  0.2085
   4.8188E+02   5.1324E+02   5.8056E+02  0.1857
   5.1324E+02   5.4665E+02   4.8046E+02  0.2041
   5.4665E+02   5.8223E+02   4.8046E+02  0.2041
   5.8223E+02   6.2013E+02   6.2060E+02  0.1796
   6.2013E+02   6.6049E+02   5.0048E+02  0.2000
   6.6049E+02   7.0348E+02   5.6054E+02  0.1890
   7.0348E+02   7.4927E+02   4.2040E+02  0.2182
   7.4927E+02   7.9804E+02   3.6035E+02  0.2357
   7.9804E+02   8.4998E+02   4.8046E+02  0.2041
   8.4998E+02   9.0530E+02   4.4042E+02  0.2132
   9.0530E+02   9.6423E+02   4.2040E+02  0.2182
   9.6423E+02   1.0270E+03   4.8046E+02  0.2041
   1.0270E+03   1.0938E+03   4.6044E+02  0.2085
   1.0938E+03   1.1650E+03   5.4052E+02  0.1925
   1.1650E+03   1.2409E+03   4.2040E+02  0.2182
   1.2409E+03   1.3216E+03   3.4033E+02  0.2425
   1.3216E+03   1.4076E+03   4.0038E+02  0.2236
   1.4076E+03   1.4993E+03   3.6035E+02  0.2357
   1.4993E+03   1.5969E+03   4.2040E+02  0.2182
   1.5969E+03   1.7008E+03   4.8046E+02  0.2041
   1.7008E+03   1.8115E+03   3.2031E+02  0.2500
   1.8115E+03   1.9294E+03   3.8037E+02  0.2294
   1.9294E+03   2.0550E+03   4.2040E+02  0.2182
   2.0550E+03   2.1887E+03   5.8056E+02  0.1857
   2.1887E+03   2.3312E+03   6.8065E+02  0.1715
   2.3312E+03   2.4829E+03   4.2040E+02  0.2182
   2.4829E+03   2.6445E+03   2.8027E+02  0.2673
   2.6445E+03   2.8167E+03   2.2021E+02  0.3015
   2.8167E+03   3.0000E+03   4.2040E+02  0.2182

#   sum over                 1.1385E+05  0.0133
'no. =    1   reg = 500 - 501'
msuc: {\huge Gas bremstrahlung from straight section}
msdr: {\it plotted by \ANGEL \version}
msdl: {\it calculated by \PHITS  3.36}
wt: s(0.7)
\vspace{-3}
  region surface crossing
  area  &=&   3.1170E+01 [cm^2]
e:
 
# Information for Restart Calculation
# This calculation was newly started
# istdev =  2 # 1:Batch variance, 2:History variance
# resc2  = 1.60256410251439357E-03 # Total source weight or Total source weight / maxcas
# resc3  = 5.00000000000000000E+08 # Total history number or Total batch number
# maxcas =    10000000 # History / Batch, only used for istdev=1
# bitrseed = 1101101111010011011000101101110001100110110010110001010100010001 # bit data of rseed
